<?xml version="1.0" encoding="UTF-8"?>
<testng-results skipped="0" failed="0" total="1" passed="1">
  <reporter-output>
  </reporter-output>
  <suite name="Default suite" duration-ms="69590" started-at="2020-02-18T11:36:38Z" finished-at="2020-02-18T11:37:47Z">
    <groups>
    </groups>
    <test name="Default test" duration-ms="69590" started-at="2020-02-18T11:36:38Z" finished-at="2020-02-18T11:37:47Z">
      <class name="TestAmazon.Test1">
        <test-method status="PASS" signature="setup()[pri:0, instance:TestAmazon.Test1@15be6bb]" name="setup" is-config="true" duration-ms="17845" started-at="2020-02-18T17:06:38Z" finished-at="2020-02-18T17:06:56Z">
          <reporter-output>
          </reporter-output>
        </test-method> <!-- setup -->
        <test-method status="PASS" signature="Test()[pri:0, instance:TestAmazon.Test1@15be6bb]" name="Test" duration-ms="32901" started-at="2020-02-18T17:06:56Z" finished-at="2020-02-18T17:07:29Z">
          <reporter-output>
          </reporter-output>
        </test-method> <!-- Test -->
        <test-method status="PASS" signature="closeEnvironmnt()[pri:0, instance:TestAmazon.Test1@15be6bb]" name="closeEnvironmnt" is-config="true" duration-ms="18796" started-at="2020-02-18T17:07:29Z" finished-at="2020-02-18T17:07:47Z">
          <reporter-output>
          </reporter-output>
        </test-method> <!-- closeEnvironmnt -->
      </class> <!-- TestAmazon.Test1 -->
    </test> <!-- Default test -->
  </suite> <!-- Default suite -->
</testng-results>
